<?xml version="1.0" encoding="UTF-8"?>
<!-- Generated by org.testng.reporters.JUnitXMLReporter -->
<testsuite hostname="DESKTOP-NNSQL83" ignored="0" name="Default test" tests="3" failures="0" timestamp="2019-12-13T08:46:28 CET" time="62.327" errors="0">
  <testcase name="loginTest" time="25.734" classname="tests.TravelCustomersTest"/>
  <testcase name="goToCustomers" time="14.067" classname="tests.TravelCustomersTest"/>
  <testcase name="editInfoTest" time="17.443" classname="tests.TravelCustomersTest"/>
</testsuite> <!-- Default test -->
